This file contains any messages produced by compilers while
running configure, to aid debugging if configure makes a mistake.

It was created by configure, which was
generated by GNU Autoconf 2.69.  Invocation command line was

  $ ./configure 

## --------- ##
## Platform. ##
## --------- ##

hostname = florestan.local
uname -m = x86_64
uname -r = 12.5.0
uname -s = Darwin
uname -v = Darwin Kernel Version 12.5.0: Sun Sep 29 13:33:47 PDT 2013; root:xnu-2050.48.12~1/RELEASE_X86_64

/usr/bin/uname -p = i386
/bin/uname -X     = unknown

/bin/arch              = unknown
/usr/bin/arch -k       = unknown
/usr/convex/getsysinfo = unknown
/usr/bin/hostinfo      = Mach kernel version:
	 Darwin Kernel Version 12.5.0: Sun Sep 29 13:33:47 PDT 2013; root:xnu-2050.48.12~1/RELEASE_X86_64
Kernel configured for up to 4 processors.
2 processors are physically available.
4 processors are logically available.
Processor type: i486 (Intel 80486)
Processors active: 0 1 2 3
Primary memory available: 6.00 gigabytes
Default processor set: 112 tasks, 661 threads, 4 processors
Load average: 1.33, Mach factor: 2.66
/bin/machine           = unknown
/usr/bin/oslevel       = unknown
/bin/universe          = unknown

PATH: /Library/Frameworks/Python.framework/Versions/Current/bin
PATH: /usr/local/Qt5.2.1
PATH: /usr/local/Qt5.2.1/5.2.1/bin
PATH: /usr/local/opt/ruby/bin
PATH: /Users/em/bin
PATH: /opt/local/bin
PATH: /usr/local/bin
PATH: /usr/local/sbin
PATH: /Library/Frameworks/Python.framework/Versions/3.4/bin
PATH: /usr/local/bin
PATH: /usr/local/sbin
PATH: /usr/bin
PATH: /bin
PATH: /usr/sbin
PATH: /sbin
PATH: /opt/X11/bin
PATH: /usr/local/git/bin
PATH: /usr/local/graphviz/bin
PATH: /Applications/LilyPond.app/Contents/Resources/bin
PATH: /Applications/Arduino.app/Contents/Resources/Java/hardware/tools/avr/bin


## ----------- ##
## Core tests. ##
## ----------- ##

configure:1966: checking build system type
configure:1980: result: i686-apple-darwin12.5.0
configure:2000: checking host system type
configure:2013: result: i686-apple-darwin12.5.0
configure:2033: checking target system type
configure:2046: result: i686-apple-darwin12.5.0
configure:2087: checking for a BSD-compatible install
configure:2155: result: /usr/local/bin/ginstall -c
configure:2166: checking whether build environment is sane
configure:2203: result: yes
configure:2233: checking for gawk
configure:2263: result: no
configure:2233: checking for mawk
configure:2263: result: no
configure:2233: checking for nawk
configure:2263: result: no
configure:2233: checking for awk
configure:2249: found /usr/bin/awk
configure:2260: result: awk
configure:2271: checking whether make sets $(MAKE)
configure:2293: result: yes
configure:2517: checking for gcc
configure:2533: found /usr/bin/gcc
configure:2544: result: gcc
configure:2773: checking for C compiler version
configure:2782: gcc --version >&5
Apple LLVM version 5.1 (clang-503.0.38) (based on LLVM 3.4svn)
Target: x86_64-apple-darwin12.5.0
Thread model: posix
Configured with: --prefix=/Applications/Xcode.app/Contents/Developer/usr --with-gxx-include-dir=/usr/include/c++/4.2.1
configure:2793: $? = 0
configure:2782: gcc -v >&5
Configured with: --prefix=/Applications/Xcode.app/Contents/Developer/usr --with-gxx-include-dir=/usr/include/c++/4.2.1
Apple LLVM version 5.1 (clang-503.0.38) (based on LLVM 3.4svn)
Target: x86_64-apple-darwin12.5.0
Thread model: posix
configure:2793: $? = 0
configure:2782: gcc -V >&5
clang: error: argument to '-V' is missing (expected 1 value)
clang: error: no input files
configure:2793: $? = 1
configure:2782: gcc -qversion >&5
clang: error: unknown argument: '-qversion' [-Wunused-command-line-argument-hard-error-in-future]
clang: note: this will be a hard error (cannot be downgraded to a warning) in the future
clang: error: no input files
configure:2793: $? = 1
configure:2813: checking whether the C compiler works
configure:2835: gcc    conftest.c  >&5
configure:2839: $? = 0
configure:2887: result: yes
configure:2890: checking for C compiler default output file name
configure:2892: result: a.out
configure:2898: checking for suffix of executables
configure:2905: gcc -o conftest    conftest.c  >&5
configure:2909: $? = 0
configure:2931: result: 
configure:2953: checking whether we are cross compiling
configure:2961: gcc -o conftest    conftest.c  >&5
configure:2965: $? = 0
configure:2972: ./conftest
configure:2976: $? = 0
configure:2991: result: no
configure:2996: checking for suffix of object files
configure:3018: gcc -c   conftest.c >&5
configure:3022: $? = 0
configure:3043: result: o
configure:3047: checking whether we are using the GNU C compiler
configure:3066: gcc -c   conftest.c >&5
configure:3066: $? = 0
configure:3075: result: yes
configure:3084: checking whether gcc accepts -g
configure:3104: gcc -c -g  conftest.c >&5
configure:3104: $? = 0
configure:3145: result: yes
configure:3162: checking for gcc option to accept ISO C89
configure:3225: gcc  -c -g -O2  conftest.c >&5
configure:3225: $? = 0
configure:3238: result: none needed
configure:3269: checking for style of include used by make
configure:3297: result: GNU
configure:3325: checking dependency style of gcc
configure:3408: result: gcc3
configure:3511: checking for g++
configure:3527: found /usr/bin/g++
configure:3538: result: g++
configure:3565: checking for C++ compiler version
configure:3574: g++ --version >&5
Apple LLVM version 5.1 (clang-503.0.38) (based on LLVM 3.4svn)
Target: x86_64-apple-darwin12.5.0
Thread model: posix
Configured with: --prefix=/Applications/Xcode.app/Contents/Developer/usr --with-gxx-include-dir=/usr/include/c++/4.2.1
configure:3585: $? = 0
configure:3574: g++ -v >&5
Configured with: --prefix=/Applications/Xcode.app/Contents/Developer/usr --with-gxx-include-dir=/usr/include/c++/4.2.1
Apple LLVM version 5.1 (clang-503.0.38) (based on LLVM 3.4svn)
Target: x86_64-apple-darwin12.5.0
Thread model: posix
configure:3585: $? = 0
configure:3574: g++ -V >&5
clang: error: argument to '-V' is missing (expected 1 value)
clang: error: no input files
configure:3585: $? = 1
configure:3574: g++ -qversion >&5
clang: error: unknown argument: '-qversion' [-Wunused-command-line-argument-hard-error-in-future]
clang: note: this will be a hard error (cannot be downgraded to a warning) in the future
clang: error: no input files
configure:3585: $? = 1
configure:3589: checking whether we are using the GNU C++ compiler
configure:3608: g++ -c  -I/usr/local/include -g -O2 conftest.cpp >&5
configure:3608: $? = 0
configure:3617: result: yes
configure:3626: checking whether g++ accepts -g
configure:3646: g++ -c -g -I/usr/local/include -g -O2 conftest.cpp >&5
configure:3646: $? = 0
configure:3687: result: yes
configure:3712: checking dependency style of g++
configure:3795: result: gcc3
configure:3819: checking whether the compiler implements namespaces
configure:3842: g++ -c -g -O2 -I/usr/local/include -g -O2 conftest.cpp >&5
configure:3842: $? = 0
configure:3856: result: yes
configure:3864: checking whether the compiler supports ISO C++ standard library
configure:3894: g++ -c -g -O2 -I/usr/local/include -g -O2 conftest.cpp >&5
configure:3894: $? = 0
configure:3908: result: yes
configure:3916: checking whether the compiler supports Standard Template Library
configure:3945: g++ -c -g -O2 -I/usr/local/include -g -O2 conftest.cpp >&5
configure:3945: $? = 0
configure:3959: result: yes
configure:3996: checking for XviD - version >= 1.0.1
configure:4076: g++ -o conftest -g -O2 -I/usr/local/include -g -O2  conftest.cpp -L/usr/local/lib  -lxvidcore >&5
conftest.cpp:47:27: warning: conversion from string literal to 'char *' is deprecated [-Wdeprecated-writable-strings]
  tmp_version = my_strdup("1.0.1");
                          ^
1 warning generated.
configure:4076: $? = 0
configure:4076: ./conftest
configure:4076: $? = 0
configure:4091: result: yes
configure:4202: checking for ranlib
configure:4218: found /usr/bin/ranlib
configure:4229: result: ranlib
configure:4380: creating ./config.status

## ---------------------- ##
## Running config.status. ##
## ---------------------- ##

This file was extended by config.status, which was
generated by GNU Autoconf 2.69.  Invocation command line was

  CONFIG_FILES    = 
  CONFIG_HEADERS  = 
  CONFIG_LINKS    = 
  CONFIG_COMMANDS = 
  $ ./config.status 

on florestan.local

config.status:855: creating Makefile
config.status:958: WARNING:  'Makefile.in' seems to ignore the --datarootdir setting
config.status:855: creating m4/Makefile
config.status:958: WARNING:  'm4/Makefile.in' seems to ignore the --datarootdir setting
config.status:855: creating src/Makefile
config.status:958: WARNING:  'src/Makefile.in' seems to ignore the --datarootdir setting
config.status:855: creating config.h
config.status:1030: config.h is unchanged
config.status:1077: executing depfiles commands

## ---------------- ##
## Cache variables. ##
## ---------------- ##

ac_cv_build=i686-apple-darwin12.5.0
ac_cv_c_compiler_gnu=yes
ac_cv_cxx_compiler_gnu=yes
ac_cv_cxx_have_std=yes
ac_cv_cxx_have_stl=yes
ac_cv_cxx_namespaces=yes
ac_cv_env_CCC_set=
ac_cv_env_CCC_value=
ac_cv_env_CC_set=
ac_cv_env_CC_value=
ac_cv_env_CFLAGS_set=
ac_cv_env_CFLAGS_value=
ac_cv_env_CPPFLAGS_set=
ac_cv_env_CPPFLAGS_value=
ac_cv_env_CXXFLAGS_set=
ac_cv_env_CXXFLAGS_value=
ac_cv_env_CXX_set=
ac_cv_env_CXX_value=
ac_cv_env_LDFLAGS_set=
ac_cv_env_LDFLAGS_value=
ac_cv_env_LIBS_set=
ac_cv_env_LIBS_value=
ac_cv_env_build_alias_set=
ac_cv_env_build_alias_value=
ac_cv_env_host_alias_set=
ac_cv_env_host_alias_value=
ac_cv_env_target_alias_set=
ac_cv_env_target_alias_value=
ac_cv_host=i686-apple-darwin12.5.0
ac_cv_objext=o
ac_cv_path_install='/usr/local/bin/ginstall -c'
ac_cv_prog_AWK=awk
ac_cv_prog_ac_ct_CC=gcc
ac_cv_prog_ac_ct_CXX=g++
ac_cv_prog_ac_ct_RANLIB=ranlib
ac_cv_prog_cc_c89=
ac_cv_prog_cc_g=yes
ac_cv_prog_cxx_g=yes
ac_cv_prog_make_make_set=yes
ac_cv_target=i686-apple-darwin12.5.0
am_cv_CC_dependencies_compiler_type=gcc3
am_cv_CXX_dependencies_compiler_type=gcc3

## ----------------- ##
## Output variables. ##
## ----------------- ##

ACLOCAL='${SHELL} /Users/em/dev/lambda/dependencies/revel-1.1.0/missing --run aclocal-1.7'
AMDEPBACKSLASH='\'
AMDEP_FALSE='#'
AMDEP_TRUE=''
AMTAR='${SHELL} /Users/em/dev/lambda/dependencies/revel-1.1.0/missing --run tar'
AM_CFLAGS=' '
AM_LDFLAGS=' -lxvidcore'
AUTOCONF='${SHELL} /Users/em/dev/lambda/dependencies/revel-1.1.0/missing --run autoconf'
AUTOHEADER='${SHELL} /Users/em/dev/lambda/dependencies/revel-1.1.0/missing --run autoheader'
AUTOMAKE='${SHELL} /Users/em/dev/lambda/dependencies/revel-1.1.0/missing --run automake-1.7'
AWK='awk'
CC='gcc'
CCDEPMODE='depmode=gcc3'
CFLAGS='-I/usr/local/include -g -O2'
CPPFLAGS='-I/usr/local/include -g -O2'
CXX='g++'
CXXDEPMODE='depmode=gcc3'
CXXFLAGS='-g -O2'
CYGPATH_W='echo'
DEFS='-DHAVE_CONFIG_H'
DEPDIR='.deps'
ECHO_C='\c'
ECHO_N=''
ECHO_T=''
EXEEXT=''
INSTALL_DATA='${INSTALL} -m 644'
INSTALL_PROGRAM='${INSTALL}'
INSTALL_SCRIPT='${INSTALL}'
INSTALL_STRIP_PROGRAM='${SHELL} $(install_sh) -c -s'
LDFLAGS=''
LIBOBJS=''
LIBS='-L/usr/local/lib '
LTLIBOBJS=''
MAKEINFO='${SHELL} /Users/em/dev/lambda/dependencies/revel-1.1.0/missing --run makeinfo'
OBJEXT='o'
PACKAGE='revel'
PACKAGE_BUGREPORT=''
PACKAGE_NAME=''
PACKAGE_STRING=''
PACKAGE_TARNAME=''
PACKAGE_URL=''
PACKAGE_VERSION=''
PATH_SEPARATOR=':'
RANLIB='ranlib'
SET_MAKE=''
SHELL='/bin/sh'
STRIP=''
VERSION='1.1.0'
XVID_CFLAGS=''
XVID_LIBS='-lxvidcore'
XVID_PREFIX=''
ac_ct_CC='gcc'
ac_ct_CXX='g++'
am__fastdepCC_FALSE='#'
am__fastdepCC_TRUE=''
am__fastdepCXX_FALSE='#'
am__fastdepCXX_TRUE=''
am__include='include'
am__leading_dot='.'
am__quote=''
bindir='${exec_prefix}/bin'
build='i686-apple-darwin12.5.0'
build_alias=''
build_cpu='i686'
build_os='darwin12.5.0'
build_vendor='apple'
datadir='${datarootdir}'
datarootdir='${prefix}/share'
docdir='${datarootdir}/doc/${PACKAGE}'
dvidir='${docdir}'
exec_prefix='${prefix}'
host='i686-apple-darwin12.5.0'
host_alias=''
host_cpu='i686'
host_os='darwin12.5.0'
host_vendor='apple'
htmldir='${docdir}'
includedir='${prefix}/include'
infodir='${datarootdir}/info'
install_sh='/Users/em/dev/lambda/dependencies/revel-1.1.0/install-sh'
libdir='${exec_prefix}/lib'
libexecdir='${exec_prefix}/libexec'
localedir='${datarootdir}/locale'
localstatedir='${prefix}/var'
mandir='${datarootdir}/man'
oldincludedir='/usr/include'
pdfdir='${docdir}'
prefix='/usr/local'
program_transform_name='s,x,x,'
psdir='${docdir}'
sbindir='${exec_prefix}/sbin'
sharedstatedir='${prefix}/com'
sysconfdir='${prefix}/etc'
target='i686-apple-darwin12.5.0'
target_alias=''
target_cpu='i686'
target_os='darwin12.5.0'
target_vendor='apple'

## ----------- ##
## confdefs.h. ##
## ----------- ##

/* confdefs.h */
#define PACKAGE_NAME ""
#define PACKAGE_TARNAME ""
#define PACKAGE_VERSION ""
#define PACKAGE_STRING ""
#define PACKAGE_BUGREPORT ""
#define PACKAGE_URL ""
#define PACKAGE "revel"
#define VERSION "1.1.0"
#define HAVE_NAMESPACES /**/
#define HAVE_STD /**/
#define HAVE_STL /**/

configure: exit 0
